<?xml version="1.0" encoding="UTF-8"?>
<testsuite xmlns:xsi="http://www.w3.org/2001/XMLSchema-instance" xsi:noNamespaceSchemaLocation="https://maven.apache.org/surefire/maven-surefire-plugin/xsd/surefire-test-report-3.0.xsd" version="3.0" name="com.example.myapp.MyappApplicationTests" time="29.749" tests="1" errors="0" skipped="0" failures="0">
  <properties>
[...]
</properties>
  <testcase name="contextLoads" classname="com.example.myapp.MyappApplicationTests" time="0.463">
    <system-out><![CDATA[17:04:57.562 [main] INFO org.springframework.test.context.support.AnnotationConfigContextLoaderUtils -- Could not detect default configuration classes for test class [com.example.myapp.MyappApplicationTests]: MyappApplicationTests does not declare any static, non-private, non-final, nested classes annotated with @Configuration.
17:04:57.673 [main] INFO org.springframework.boot.test.context.SpringBootTestContextBootstrapper -- Found @SpringBootConfiguration com.example.myapp.MyappApplication for test class com.example.myapp.MyappApplicationTests
17:04:57.836 [main] INFO org.springframework.boot.devtools.restart.RestartApplicationListener -- Restart disabled due to context in which it is running
  .   ____          _            __ _ _
 /\\ / ___'_ __ _ _(_)_ __  __ _ \ \ \ \
( ( )\___ | '_ | '_| | '_ \/ _` | \ \ \ \
 \\/  ___)| |_)| | | | | || (_| |  ) ) ) )
  '  |____| .__|_| |_|_| |_\__, | / / / /
 =========|_|==============|___/=/_/_/_/

 :: Spring Boot ::                (v3.3.0)

2026-07-02T17:04:58.082+03:30  INFO 26180 --- [sarzamin-qesseha] [           main] c.example.myapp.MyappApplicationTests    : Starting MyappApplicationTests using Java 21.0.7 with PID 26180 (started by nabav in C:\Users\nabav\OneDrive\Desktop\claude\myapp)
2026-07-02T17:04:58.084+03:30  INFO 26180 --- [sarzamin-qesseha] [           main] c.example.myapp.MyappApplicationTests    : No active profile set, falling back to 1 default profile: "default"
2026-07-02T17:04:59.408+03:30  INFO 26180 --- [sarzamin-qesseha] [           main] .s.d.r.c.RepositoryConfigurationDelegate : Bootstrapping Spring Data JPA repositories in DEFAULT mode.
2026-07-02T17:04:59.495+03:30  INFO 26180 --- [sarzamin-qesseha] [           main] .s.d.r.c.RepositoryConfigurationDelegate : Finished Spring Data repository scanning in 78 ms. Found 9 JPA repository interfaces.
2026-07-02T17:05:00.218+03:30  INFO 26180 --- [sarzamin-qesseha] [           main] o.hibernate.jpa.internal.util.LogHelper  : HHH000204: Processing PersistenceUnitInfo [name: default]
2026-07-02T17:05:00.373+03:30  INFO 26180 --- [sarzamin-qesseha] [           main] org.hibernate.Version                    : HHH000412: Hibernate ORM core version 6.5.2.Final
2026-07-02T17:05:00.424+03:30  INFO 26180 --- [sarzamin-qesseha] [           main] o.h.c.internal.RegionFactoryInitiator    : HHH000026: Second-level cache disabled
2026-07-02T17:05:01.027+03:30  INFO 26180 --- [sarzamin-qesseha] [           main] o.s.o.j.p.SpringPersistenceUnitInfo      : No LoadTimeWeaver setup: ignoring JPA class transformer
2026-07-02T17:05:01.072+03:30  INFO 26180 --- [sarzamin-qesseha] [           main] com.zaxxer.hikari.HikariDataSource       : HikariPool-1 - Starting...
2026-07-02T17:05:01.306+03:30  INFO 26180 --- [sarzamin-qesseha] [           main] com.zaxxer.hikari.pool.HikariPool        : HikariPool-1 - Added connection com.mysql.cj.jdbc.ConnectionImpl@29c59b6e
2026-07-02T17:05:01.308+03:30  INFO 26180 --- [sarzamin-qesseha] [           main] com.zaxxer.hikari.HikariDataSource       : HikariPool-1 - Start completed.
2026-07-02T17:05:01.370+03:30  WARN 26180 --- [sarzamin-qesseha] [           main] org.hibernate.orm.deprecation            : HHH90000025: MySQLDialect does not need to be specified explicitly using 'hibernate.dialect' (remove the property setting and it will be selected by default)
2026-07-02T17:05:02.685+03:30  INFO 26180 --- [sarzamin-qesseha] [           main] o.h.e.t.j.p.i.JtaPlatformInitiator       : HHH000489: No JTA platform available (set 'hibernate.transaction.jta.platform' to enable JTA platform integration)
Hibernate: 
    create table categories (
        id bigint not null auto_increment,
        name varchar(100) not null,
        primary key (id)
    ) engine=InnoDB
Hibernate: 
    create table comments (
        id bigint not null auto_increment,
        content varchar(1000) not null,
        created_at datetime(6) not null,
        author_id bigint not null,
        parent_id bigint,
        tale_id bigint not null,
        primary key (id)
    ) engine=InnoDB
Hibernate: 
    create table favorites (
        id bigint not null auto_increment,
        created_at datetime(6) not null,
        tale_id bigint not null,
        user_id bigint not null,
        primary key (id)
    ) engine=InnoDB
Hibernate: 
    create table listening_progress (
        id bigint not null auto_increment,
        duration integer,
        finished bit not null,
        seconds integer not null,
        updated_at datetime(6) not null,
        tale_id bigint not null,
        user_id bigint not null,
        primary key (id)
    ) engine=InnoDB
Hibernate: 
    create table ratings (
        id bigint not null auto_increment,
        created_at datetime(6) not null,
        stars integer not null,
        updated_at datetime(6) not null,
        tale_id bigint not null,
        user_id bigint not null,
        primary key (id)
    ) engine=InnoDB
Hibernate: 
    create table storyteller_requests (
        id bigint not null auto_increment,
        admin_note varchar(500),
        created_at datetime(6) not null,
        decided_at datetime(6),
        message varchar(500),
        status enum ('APPROVED','PENDING','REJECTED') not null,
        user_id bigint not null,
        primary key (id)
    ) engine=InnoDB
Hibernate: 
    create table tale_categories (
        tale_id bigint not null,
        category_id bigint not null,
        primary key (tale_id, category_id)
    ) engine=InnoDB
Hibernate: 
    create table tales (
        id bigint not null auto_increment,
        approved_at datetime(6),
        audio_content_type varchar(255),
        audio_path varchar(255) not null,
        cover_path varchar(255),
        created_at datetime(6) not null,
        description TEXT,
        duration_seconds integer,
        review_note varchar(500),
        status enum ('APPROVED','PENDING','REJECTED') not null,
        title varchar(150) not null,
        storyteller_id bigint not null,
        primary key (id)
    ) engine=InnoDB
Hibernate: 
    create table user_roles (
        user_id bigint not null,
        role enum ('ADMIN','LISTENER','STORYTELLER')
    ) engine=InnoDB
Hibernate: 
    create table users (
        id bigint not null auto_increment,
        avatar_path varchar(255),
        created_at datetime(6) not null,
        display_name varchar(100) not null,
        enabled bit not null,
        password_hash varchar(255) not null,
        username varchar(50) not null,
        primary key (id)
    ) engine=InnoDB
Hibernate: 
    alter table categories 
       drop index UKt8o6pivur7nn124jehx7cygw5
Hibernate: 
    alter table categories 
       add constraint UKt8o6pivur7nn124jehx7cygw5 unique (name)
Hibernate: 
    alter table favorites 
       drop index UKc9b8d3pnfmb47hq5j8n8dcitd
Hibernate: 
    alter table favorites 
       add constraint UKc9b8d3pnfmb47hq5j8n8dcitd unique (user_id, tale_id)
Hibernate: 
    alter table listening_progress 
       drop index UKsg1ndj6876dajpiqqoa3x1col
Hibernate: 
    alter table listening_progress 
       add constraint UKsg1ndj6876dajpiqqoa3x1col unique (user_id, tale_id)
Hibernate: 
    alter table ratings 
       drop index UKqwogi4dmsllo9y4paa3fnmvbb
Hibernate: 
    alter table ratings 
       add constraint UKqwogi4dmsllo9y4paa3fnmvbb unique (tale_id, user_id)
Hibernate: 
    alter table users 
       drop index UKr43af9ap4edm43mmtq01oddj6
Hibernate: 
    alter table users 
       add constraint UKr43af9ap4edm43mmtq01oddj6 unique (username)
Hibernate: 
    alter table comments 
       add constraint FKn2na60ukhs76ibtpt9burkm27 
       foreign key (author_id) 
       references users (id)
Hibernate: 
    alter table comments 
       add constraint FKlri30okf66phtcgbe5pok7cc0 
       foreign key (parent_id) 
       references comments (id)
Hibernate: 
    alter table comments 
       add constraint FK6ic548da5mou8eis5hj6tcs0v 
       foreign key (tale_id) 
       references tales (id)
Hibernate: 
    alter table favorites 
       add constraint FKhtmlrps21hrgjdftg9vthen2s 
       foreign key (tale_id) 
       references tales (id)
Hibernate: 
    alter table favorites 
       add constraint FKk7du8b8ewipawnnpg76d55fus 
       foreign key (user_id) 
       references users (id)
Hibernate: 
    alter table listening_progress 
       add constraint FK2orqx1jkdapyo0xpfg3povyl5 
       foreign key (tale_id) 
       references tales (id)
Hibernate: 
    alter table listening_progress 
       add constraint FKnervtsee83xns49bssjwlqy6v 
       foreign key (user_id) 
       references users (id)
Hibernate: 
    alter table ratings 
       add constraint FK2ssdhv73kibv2s9xea0c28m8n 
       foreign key (tale_id) 
       references tales (id)
Hibernate: 
    alter table ratings 
       add constraint FKb3354ee2xxvdrbyq9f42jdayd 
       foreign key (user_id) 
       references users (id)
Hibernate: 
    alter table storyteller_requests 
       add constraint FK19cwc7esdpl14rk52xgmv2kcd 
       foreign key (user_id) 
       references users (id)
Hibernate: 
    alter table tale_categories 
       add constraint FKesoi9k2xsqqfhkp83mg8hbsco 
       foreign key (category_id) 
       references categories (id)
Hibernate: 
    alter table tale_categories 
       add constraint FKvw2i89roc0ca3l6a1ss32c3k 
       foreign key (tale_id) 
       references tales (id)
Hibernate: 
    alter table tales 
       add constraint FKevepq6vbw8vmmdq3dh2m23g6b 
       foreign key (storyteller_id) 
       references users (id)
Hibernate: 
    alter table user_roles 
       add constraint FKhfh9dx7w3ubf1co1vdev94g3f 
       foreign key (user_id) 
       references users (id)
2026-07-02T17:05:03.762+03:30  INFO 26180 --- [sarzamin-qesseha] [           main] j.LocalContainerEntityManagerFactoryBean : Initialized JPA EntityManagerFactory for persistence unit 'default'
2026-07-02T17:05:10.202+03:30  INFO 26180 --- [sarzamin-qesseha] [           main] o.s.d.j.r.query.QueryEnhancerFactory     : Hibernate is in classpath; If applicable, HQL parser will be used.
2026-07-02T17:05:22.737+03:30  WARN 26180 --- [sarzamin-qesseha] [           main] JpaBaseConfiguration$JpaWebConfiguration : spring.jpa.open-in-view is enabled by default. Therefore, database queries may be performed during view rendering. Explicitly configure spring.jpa.open-in-view to disable this warning
2026-07-02T17:05:22.772+03:30  INFO 26180 --- [sarzamin-qesseha] [           main] r$InitializeUserDetailsManagerConfigurer : Global AuthenticationManager configured with UserDetailsService bean with name customUserDetailsService
2026-07-02T17:05:24.410+03:30  INFO 26180 --- [sarzamin-qesseha] [           main] o.s.s.web.DefaultSecurityFilterChain     : Will secure any request with [org.springframework.security.web.session.DisableEncodeUrlFilter@758a3ba0, org.springframework.security.web.context.request.async.WebAsyncManagerIntegrationFilter@10462124, org.springframework.security.web.context.SecurityContextHolderFilter@5fc88c91, org.springframework.security.web.header.HeaderWriterFilter@69e91f2b, org.springframework.web.filter.CorsFilter@736abb16, org.springframework.security.web.csrf.CsrfFilter@2fcc4d13, org.springframework.security.web.authentication.logout.LogoutFilter@767f4a69, org.springframework.security.web.authentication.UsernamePasswordAuthenticationFilter@70595d2a, org.springframework.security.web.savedrequest.RequestCacheAwareFilter@1ecf9602, org.springframework.security.web.servletapi.SecurityContextHolderAwareRequestFilter@5fcb223, org.springframework.security.web.authentication.AnonymousAuthenticationFilter@38da693b, org.springframework.security.web.access.ExceptionTranslationFilter@505f8cf, org.springframework.security.web.access.intercept.AuthorizationFilter@12f3e95d]
2026-07-02T17:05:26.279+03:30  INFO 26180 --- [sarzamin-qesseha] [           main] c.example.myapp.MyappApplicationTests    : Started MyappApplicationTests in 28.459 seconds (process running for 29.455)
Hibernate: 
    select
        u1_0.id 
    from
        users u1_0 
    where
        u1_0.username=? 
    limit
        ?
Hibernate: 
    insert 
    into
        users
        (avatar_path, created_at, display_name, enabled, password_hash, username) 
    values
        (?, ?, ?, ?, ?, ?)
Hibernate: 
    insert 
    into
        user_roles
        (user_id, role) 
    values
        (?, ?)
Hibernate: 
    insert 
    into
        user_roles
        (user_id, role) 
    values
        (?, ?)
2026-07-02T17:05:26.603+03:30  INFO 26180 --- [sarzamin-qesseha] [           main] com.example.myapp.config.DataSeeder      : Seeded admin user 'admin'
Hibernate: 
    select
        c1_0.id,
        c1_0.name 
    from
        categories c1_0 
    where
        c1_0.name=?
Hibernate: 
    insert 
    into
        categories
        (name) 
    values
        (?)
2026-07-02T17:05:26.624+03:30  INFO 26180 --- [sarzamin-qesseha] [           main] com.example.myapp.config.DataSeeder      : Seeded category 'قصه‌های محلی'
Hibernate: 
    select
        c1_0.id,
        c1_0.name 
    from
        categories c1_0 
    where
        c1_0.name=?
Hibernate: 
    insert 
    into
        categories
        (name) 
    values
        (?)
2026-07-02T17:05:26.624+03:30  INFO 26180 --- [sarzamin-qesseha] [           main] com.example.myapp.config.DataSeeder      : Seeded category 'افسانه'
Hibernate: 
    select
        c1_0.id,
        c1_0.name 
    from
        categories c1_0 
    where
        c1_0.name=?
Hibernate: 
    insert 
    into
        categories
        (name) 
    values
        (?)
2026-07-02T17:05:26.624+03:30  INFO 26180 --- [sarzamin-qesseha] [           main] com.example.myapp.config.DataSeeder      : Seeded category 'لالایی'
Hibernate: 
    select
        c1_0.id,
        c1_0.name 
    from
        categories c1_0 
    where
        c1_0.name=?
Hibernate: 
    insert 
    into
        categories
        (name) 
    values
        (?)
2026-07-02T17:05:26.639+03:30  INFO 26180 --- [sarzamin-qesseha] [           main] com.example.myapp.config.DataSeeder      : Seeded category 'پندآموز'
Hibernate: 
    select
        c1_0.id,
        c1_0.name 
    from
        categories c1_0 
    where
        c1_0.name=?
Hibernate: 
    insert 
    into
        categories
        (name) 
    values
        (?)
2026-07-02T17:05:26.639+03:30  INFO 26180 --- [sarzamin-qesseha] [           main] com.example.myapp.config.DataSeeder      : Seeded category 'حیوانات'
Hibernate: 
    select
        c1_0.id,
        c1_0.name 
    from
        categories c1_0 
    where
        c1_0.name=?
Hibernate: 
    insert 
    into
        categories
        (name) 
    values
        (?)
2026-07-02T17:05:26.655+03:30  INFO 26180 --- [sarzamin-qesseha] [           main] com.example.myapp.config.DataSeeder      : Seeded category 'ماجراجویی'
Hibernate: 
    select
        c1_0.id,
        c1_0.name 
    from
        categories c1_0 
    where
        c1_0.name=?
Hibernate: 
    insert 
    into
        categories
        (name) 
    values
        (?)
2026-07-02T17:05:26.661+03:30  INFO 26180 --- [sarzamin-qesseha] [           main] com.example.myapp.config.DataSeeder      : Seeded category 'شعر و ترانه'
]]></system-out>
    <system-err><![CDATA[WARNING: A Java agent has been loaded dynamically (C:\Users\nabav\.m2\repository\net\bytebuddy\byte-buddy-agent\1.14.16\byte-buddy-agent-1.14.16.jar)
WARNING: If a serviceability tool is in use, please run with -XX:+EnableDynamicAgentLoading to hide this warning
WARNING: If a serviceability tool is not in use, please run with -Djdk.instrument.traceUsage for more information
WARNING: Dynamic loading of agents will be disallowed by default in a future release
]]></system-err>
  </testcase>
</testsuite>